PLINK v1.90b6.26 64-bit (2 Apr 2022)
Options in effect:
  --bfile chr1.r2.80.maf0.01
  --make-bed
  --merge-list merge_list.txt
  --out chr1_chr22.r2.80.maf0.01

Hostname: hgrclogin01
Working directory: /mnt/vast/hpc/gtosto_lab/GT_ADMIX/Basilio_08_19_2022/GWAS/pipelines/pipeline/my_pipeline_bundle/toy_data
Start time: Mon Jun 16 14:27:56 2025

Random number seed: 1750098476
64283 MB RAM detected; reserving 32141 MB for main workspace.
Performing single-pass merge (2000 people, 88836 variants).
Merged fileset written to chr1_chr22.r2.80.maf0.01-merge.bed +
chr1_chr22.r2.80.maf0.01-merge.bim + chr1_chr22.r2.80.maf0.01-merge.fam .
88836 variants loaded from .bim file.
2000 people (1024 males, 976 females) loaded from .fam.
2000 phenotype values loaded from .fam.
Using 1 thread (no multithreaded calculations invoked).
Before main variant filters, 2000 founders and 0 nonfounders present.
Calculating allele frequencies... done.
Total genotyping rate is exactly 1.
88836 variants and 2000 people pass filters and QC.
Among remaining phenotypes, 1000 are cases and 1000 are controls.
--make-bed to chr1_chr22.r2.80.maf0.01.bed + chr1_chr22.r2.80.maf0.01.bim +
chr1_chr22.r2.80.maf0.01.fam ... done.

End time: Mon Jun 16 14:27:58 2025
